2025-11-18 14:29:11,380 - INFO - C:\Users\Administrator\Desktop\工作\信息采集没问题了\basic\project1\views.py changed, reloading.
2025-11-18 14:31:10,487 - INFO - C:\Users\Administrator\Desktop\工作\信息采集没问题了\basic\project1\views.py changed, reloading.
2025-11-18 15:05:08,077 - ERROR - Internal Server Error: /api/get_info
Traceback (most recent call last):
  File "C:\Users\Administrator\Desktop\工作\信息采集没问题了\venv\Lib\site-packages\pandas\core\indexes\base.py", line 3812, in get_loc
    return self._engine.get_loc(casted_key)
           ~~~~~~~~~~~~~~~~~~~~^^^^^^^^^^^^
  File "pandas/_libs/index.pyx", line 167, in pandas._libs.index.IndexEngine.get_loc
  File "pandas/_libs/index.pyx", line 196, in pandas._libs.index.IndexEngine.get_loc
  File "pandas/_libs/hashtable_class_helper.pxi", line 7088, in pandas._libs.hashtable.PyObjectHashTable.get_item
  File "pandas/_libs/hashtable_class_helper.pxi", line 7096, in pandas._libs.hashtable.PyObjectHashTable.get_item
KeyError: 'data_center_room'

The above exception was the direct cause of the following exception:

Traceback (most recent call last):
  File "C:\Users\Administrator\Desktop\工作\信息采集没问题了\venv\Lib\site-packages\django\core\handlers\exception.py", line 55, in inner
    response = get_response(request)
  File "C:\Users\Administrator\Desktop\工作\信息采集没问题了\venv\Lib\site-packages\django\core\handlers\base.py", line 197, in _get_response
    response = wrapped_callback(request, *callback_args, **callback_kwargs)
  File "C:\Users\Administrator\Desktop\工作\信息采集没问题了\venv\Lib\site-packages\django\views\decorators\csrf.py", line 65, in _view_wrapper
    return view_func(request, *args, **kwargs)
  File "C:\Users\Administrator\Desktop\工作\信息采集没问题了\venv\Lib\site-packages\django\views\generic\base.py", line 105, in view
    return self.dispatch(request, *args, **kwargs)
           ~~~~~~~~~~~~~^^^^^^^^^^^^^^^^^^^^^^^^^^
  File "C:\Users\Administrator\Desktop\工作\信息采集没问题了\venv\Lib\site-packages\rest_framework\views.py", line 515, in dispatch
    response = self.handle_exception(exc)
  File "C:\Users\Administrator\Desktop\工作\信息采集没问题了\venv\Lib\site-packages\rest_framework\views.py", line 475, in handle_exception
    self.raise_uncaught_exception(exc)
    ~~~~~~~~~~~~~~~~~~~~~~~~~~~~~^^^^^
  File "C:\Users\Administrator\Desktop\工作\信息采集没问题了\venv\Lib\site-packages\rest_framework\views.py", line 486, in raise_uncaught_exception
    raise exc
  File "C:\Users\Administrator\Desktop\工作\信息采集没问题了\venv\Lib\site-packages\rest_framework\views.py", line 512, in dispatch
    response = handler(request, *args, **kwargs)
  File "C:\Users\Administrator\Desktop\工作\信息采集没问题了\venv\Lib\site-packages\rest_framework\decorators.py", line 50, in handler
    return func(*args, **kwargs)
  File "C:\Users\Administrator\Desktop\工作\信息采集没问题了\basic\project1\views.py", line 112, in get_info
    data_center_zd=dict(zip(data_center["_id"].values.tolist(),data_center["data_center_room"].values.tolist()))
                                                               ~~~~~~~~~~~^^^^^^^^^^^^^^^^^^^^
  File "C:\Users\Administrator\Desktop\工作\信息采集没问题了\venv\Lib\site-packages\pandas\core\frame.py", line 4113, in __getitem__
    indexer = self.columns.get_loc(key)
  File "C:\Users\Administrator\Desktop\工作\信息采集没问题了\venv\Lib\site-packages\pandas\core\indexes\base.py", line 3819, in get_loc
    raise KeyError(key) from err
KeyError: 'data_center_room'
2025-11-18 15:05:57,844 - INFO - C:\Users\Administrator\Desktop\工作\信息采集没问题了\basic\project1\views.py changed, reloading.
2025-11-18 15:06:21,527 - INFO - C:\Users\Administrator\Desktop\工作\信息采集没问题了\basic\project1\views.py changed, reloading.
2025-11-18 15:06:51,498 - INFO - C:\Users\Administrator\Desktop\工作\信息采集没问题了\basic\project1\views.py changed, reloading.
2025-11-18 15:07:08,427 - INFO - C:\Users\Administrator\Desktop\工作\信息采集没问题了\basic\project1\views.py changed, reloading.
2025-11-18 15:07:18,031 - INFO - C:\Users\Administrator\Desktop\工作\信息采集没问题了\basic\project1\views.py changed, reloading.
2025-11-18 15:07:47,824 - INFO - C:\Users\Administrator\Desktop\工作\信息采集没问题了\basic\project1\views.py changed, reloading.
2025-11-18 15:07:50,403 - ERROR - Internal Server Error: /api/get_info
Traceback (most recent call last):
  File "C:\Users\Administrator\Desktop\工作\信息采集没问题了\venv\Lib\site-packages\django\core\handlers\exception.py", line 55, in inner
    response = get_response(request)
  File "C:\Users\Administrator\Desktop\工作\信息采集没问题了\venv\Lib\site-packages\django\core\handlers\base.py", line 197, in _get_response
    response = wrapped_callback(request, *callback_args, **callback_kwargs)
  File "C:\Users\Administrator\Desktop\工作\信息采集没问题了\venv\Lib\site-packages\django\views\decorators\csrf.py", line 65, in _view_wrapper
    return view_func(request, *args, **kwargs)
  File "C:\Users\Administrator\Desktop\工作\信息采集没问题了\venv\Lib\site-packages\django\views\generic\base.py", line 105, in view
    return self.dispatch(request, *args, **kwargs)
           ~~~~~~~~~~~~~^^^^^^^^^^^^^^^^^^^^^^^^^^
  File "C:\Users\Administrator\Desktop\工作\信息采集没问题了\venv\Lib\site-packages\rest_framework\views.py", line 515, in dispatch
    response = self.handle_exception(exc)
  File "C:\Users\Administrator\Desktop\工作\信息采集没问题了\venv\Lib\site-packages\rest_framework\views.py", line 475, in handle_exception
    self.raise_uncaught_exception(exc)
    ~~~~~~~~~~~~~~~~~~~~~~~~~~~~~^^^^^
  File "C:\Users\Administrator\Desktop\工作\信息采集没问题了\venv\Lib\site-packages\rest_framework\views.py", line 486, in raise_uncaught_exception
    raise exc
  File "C:\Users\Administrator\Desktop\工作\信息采集没问题了\venv\Lib\site-packages\rest_framework\views.py", line 512, in dispatch
    response = handler(request, *args, **kwargs)
  File "C:\Users\Administrator\Desktop\工作\信息采集没问题了\venv\Lib\site-packages\rest_framework\decorators.py", line 50, in handler
    return func(*args, **kwargs)
  File "C:\Users\Administrator\Desktop\工作\信息采集没问题了\basic\project1\views.py", line 118, in get_info
    if data_center_zd[i[0]] not in zd["data"]:
       ~~~~~~~~~~~~~~^^^^^^
KeyError: '_'
2025-11-18 15:08:25,438 - INFO - C:\Users\Administrator\Desktop\工作\信息采集没问题了\basic\project1\views.py changed, reloading.
2025-11-18 15:08:43,659 - INFO - C:\Users\Administrator\Desktop\工作\信息采集没问题了\basic\project1\views.py changed, reloading.
2025-11-18 15:51:53,040 - WARNING - Not Found: /api/get
2025-11-18 15:52:01,565 - WARNING - Not Found: /api/get
2025-11-18 18:09:56,781 - ERROR - Internal Server Error: /api/get_info
Traceback (most recent call last):
  File "C:\Users\Administrator\Desktop\工作\信息采集没问题了\venv\Lib\site-packages\django\core\handlers\exception.py", line 55, in inner
    response = get_response(request)
  File "C:\Users\Administrator\Desktop\工作\信息采集没问题了\venv\Lib\site-packages\django\core\handlers\base.py", line 197, in _get_response
    response = wrapped_callback(request, *callback_args, **callback_kwargs)
  File "C:\Users\Administrator\Desktop\工作\信息采集没问题了\venv\Lib\site-packages\django\views\decorators\csrf.py", line 65, in _view_wrapper
    return view_func(request, *args, **kwargs)
  File "C:\Users\Administrator\Desktop\工作\信息采集没问题了\venv\Lib\site-packages\django\views\generic\base.py", line 105, in view
    return self.dispatch(request, *args, **kwargs)
           ~~~~~~~~~~~~~^^^^^^^^^^^^^^^^^^^^^^^^^^
  File "C:\Users\Administrator\Desktop\工作\信息采集没问题了\venv\Lib\site-packages\rest_framework\views.py", line 515, in dispatch
    response = self.handle_exception(exc)
  File "C:\Users\Administrator\Desktop\工作\信息采集没问题了\venv\Lib\site-packages\rest_framework\views.py", line 475, in handle_exception
    self.raise_uncaught_exception(exc)
    ~~~~~~~~~~~~~~~~~~~~~~~~~~~~~^^^^^
  File "C:\Users\Administrator\Desktop\工作\信息采集没问题了\venv\Lib\site-packages\rest_framework\views.py", line 486, in raise_uncaught_exception
    raise exc
  File "C:\Users\Administrator\Desktop\工作\信息采集没问题了\venv\Lib\site-packages\rest_framework\views.py", line 512, in dispatch
    response = handler(request, *args, **kwargs)
  File "C:\Users\Administrator\Desktop\工作\信息采集没问题了\venv\Lib\site-packages\rest_framework\decorators.py", line 50, in handler
    return func(*args, **kwargs)
  File "C:\Users\Administrator\Desktop\工作\信息采集没问题了\basic\project1\views.py", line 235, in get_info
    zd["code"]=200;zd["message"]="";zd["data"]=transform_format(get_relationship()["data"])
                                                                ~~~~~~~~~~~~~~~~^^
  File "C:\Users\Administrator\Desktop\工作\信息采集没问题了\basic\project1\views.py", line 206, in get_relationship
    zd["data"][data_center_zd[i[0]]][room_zd[i[1]]][rack_zd[i[2]]][server_zd[i[3]][0]]={"type":"network","asset_status":dict_detail.get(network_zd[i[3]][1])}
                                                                                                                                        ~~~~~~~~~~^^^^^^
KeyError: '5ecd25a505f7f90868dd83ed'
2025-11-18 18:10:46,017 - INFO - C:\Users\Administrator\Desktop\工作\信息采集没问题了\basic\project1\views.py changed, reloading.
2025-11-18 18:10:53,804 - ERROR - Internal Server Error: /api/get_info
Traceback (most recent call last):
  File "C:\Users\Administrator\Desktop\工作\信息采集没问题了\venv\Lib\site-packages\django\core\handlers\exception.py", line 55, in inner
    response = get_response(request)
  File "C:\Users\Administrator\Desktop\工作\信息采集没问题了\venv\Lib\site-packages\django\core\handlers\base.py", line 197, in _get_response
    response = wrapped_callback(request, *callback_args, **callback_kwargs)
  File "C:\Users\Administrator\Desktop\工作\信息采集没问题了\venv\Lib\site-packages\django\views\decorators\csrf.py", line 65, in _view_wrapper
    return view_func(request, *args, **kwargs)
  File "C:\Users\Administrator\Desktop\工作\信息采集没问题了\venv\Lib\site-packages\django\views\generic\base.py", line 105, in view
    return self.dispatch(request, *args, **kwargs)
           ~~~~~~~~~~~~~^^^^^^^^^^^^^^^^^^^^^^^^^^
  File "C:\Users\Administrator\Desktop\工作\信息采集没问题了\venv\Lib\site-packages\rest_framework\views.py", line 515, in dispatch
    response = self.handle_exception(exc)
  File "C:\Users\Administrator\Desktop\工作\信息采集没问题了\venv\Lib\site-packages\rest_framework\views.py", line 475, in handle_exception
    self.raise_uncaught_exception(exc)
    ~~~~~~~~~~~~~~~~~~~~~~~~~~~~~^^^^^
  File "C:\Users\Administrator\Desktop\工作\信息采集没问题了\venv\Lib\site-packages\rest_framework\views.py", line 486, in raise_uncaught_exception
    raise exc
  File "C:\Users\Administrator\Desktop\工作\信息采集没问题了\venv\Lib\site-packages\rest_framework\views.py", line 512, in dispatch
    response = handler(request, *args, **kwargs)
  File "C:\Users\Administrator\Desktop\工作\信息采集没问题了\venv\Lib\site-packages\rest_framework\decorators.py", line 50, in handler
    return func(*args, **kwargs)
  File "C:\Users\Administrator\Desktop\工作\信息采集没问题了\basic\project1\views.py", line 235, in get_info
    zd["code"]=200;zd["message"]="";zd["data"]=transform_format(get_relationship()["data"])
                                                                ~~~~~~~~~~~~~~~~^^
  File "C:\Users\Administrator\Desktop\工作\信息采集没问题了\basic\project1\views.py", line 206, in get_relationship
    zd["data"][data_center_zd[i[0]]][room_zd[i[1]]][rack_zd[i[2]]][server_zd[i[3]][0]]={"type":"network","asset_status":dict_detail.get(network_zd[i[3]][1],None)}
                                                                                                                                        ~~~~~~~~~~^^^^^^
KeyError: '5ecd25a505f7f90868dd83ed'
2025-11-18 18:45:34,181 - INFO - C:\Users\Administrator\Desktop\工作\信息采集没问题了\basic\project1\views.py changed, reloading.
2025-11-18 18:45:40,585 - ERROR - Internal Server Error: /api/get_info
Traceback (most recent call last):
  File "C:\Users\Administrator\Desktop\工作\信息采集没问题了\venv\Lib\site-packages\django\core\handlers\exception.py", line 55, in inner
    response = get_response(request)
  File "C:\Users\Administrator\Desktop\工作\信息采集没问题了\venv\Lib\site-packages\django\core\handlers\base.py", line 197, in _get_response
    response = wrapped_callback(request, *callback_args, **callback_kwargs)
  File "C:\Users\Administrator\Desktop\工作\信息采集没问题了\venv\Lib\site-packages\django\views\decorators\csrf.py", line 65, in _view_wrapper
    return view_func(request, *args, **kwargs)
  File "C:\Users\Administrator\Desktop\工作\信息采集没问题了\venv\Lib\site-packages\django\views\generic\base.py", line 105, in view
    return self.dispatch(request, *args, **kwargs)
           ~~~~~~~~~~~~~^^^^^^^^^^^^^^^^^^^^^^^^^^
  File "C:\Users\Administrator\Desktop\工作\信息采集没问题了\venv\Lib\site-packages\rest_framework\views.py", line 515, in dispatch
    response = self.handle_exception(exc)
  File "C:\Users\Administrator\Desktop\工作\信息采集没问题了\venv\Lib\site-packages\rest_framework\views.py", line 475, in handle_exception
    self.raise_uncaught_exception(exc)
    ~~~~~~~~~~~~~~~~~~~~~~~~~~~~~^^^^^
  File "C:\Users\Administrator\Desktop\工作\信息采集没问题了\venv\Lib\site-packages\rest_framework\views.py", line 486, in raise_uncaught_exception
    raise exc
  File "C:\Users\Administrator\Desktop\工作\信息采集没问题了\venv\Lib\site-packages\rest_framework\views.py", line 512, in dispatch
    response = handler(request, *args, **kwargs)
  File "C:\Users\Administrator\Desktop\工作\信息采集没问题了\venv\Lib\site-packages\rest_framework\decorators.py", line 50, in handler
    return func(*args, **kwargs)
  File "C:\Users\Administrator\Desktop\工作\信息采集没问题了\basic\project1\views.py", line 237, in get_info
    zd["code"]=200;zd["message"]="";zd["data"]=transform_format(get_relationship()["data"])
                                                                ~~~~~~~~~~~~~~~~^^
  File "C:\Users\Administrator\Desktop\工作\信息采集没问题了\basic\project1\views.py", line 208, in get_relationship
    zd["data"][data_center_zd[i[0]]][room_zd[i[1]]][rack_zd[i[2]]][server_zd[i[3]][0]]={"type":"network","asset_status":dict_detail.get(network_zd[i[3]][1],None)}
                                                                                                                                        ~~~~~~~~~~^^^^^^
KeyError: '5ecd25a505f7f90868dd83ed'
2025-11-18 18:46:10,068 - INFO - C:\Users\Administrator\Desktop\工作\信息采集没问题了\basic\project1\views.py changed, reloading.
2025-11-18 18:46:16,449 - ERROR - Internal Server Error: /api/get_info
Traceback (most recent call last):
  File "C:\Users\Administrator\Desktop\工作\信息采集没问题了\venv\Lib\site-packages\django\core\handlers\exception.py", line 55, in inner
    response = get_response(request)
  File "C:\Users\Administrator\Desktop\工作\信息采集没问题了\venv\Lib\site-packages\django\core\handlers\base.py", line 197, in _get_response
    response = wrapped_callback(request, *callback_args, **callback_kwargs)
  File "C:\Users\Administrator\Desktop\工作\信息采集没问题了\venv\Lib\site-packages\django\views\decorators\csrf.py", line 65, in _view_wrapper
    return view_func(request, *args, **kwargs)
  File "C:\Users\Administrator\Desktop\工作\信息采集没问题了\venv\Lib\site-packages\django\views\generic\base.py", line 105, in view
    return self.dispatch(request, *args, **kwargs)
           ~~~~~~~~~~~~~^^^^^^^^^^^^^^^^^^^^^^^^^^
  File "C:\Users\Administrator\Desktop\工作\信息采集没问题了\venv\Lib\site-packages\rest_framework\views.py", line 515, in dispatch
    response = self.handle_exception(exc)
  File "C:\Users\Administrator\Desktop\工作\信息采集没问题了\venv\Lib\site-packages\rest_framework\views.py", line 475, in handle_exception
    self.raise_uncaught_exception(exc)
    ~~~~~~~~~~~~~~~~~~~~~~~~~~~~~^^^^^
  File "C:\Users\Administrator\Desktop\工作\信息采集没问题了\venv\Lib\site-packages\rest_framework\views.py", line 486, in raise_uncaught_exception
    raise exc
  File "C:\Users\Administrator\Desktop\工作\信息采集没问题了\venv\Lib\site-packages\rest_framework\views.py", line 512, in dispatch
    response = handler(request, *args, **kwargs)
  File "C:\Users\Administrator\Desktop\工作\信息采集没问题了\venv\Lib\site-packages\rest_framework\decorators.py", line 50, in handler
    return func(*args, **kwargs)
  File "C:\Users\Administrator\Desktop\工作\信息采集没问题了\basic\project1\views.py", line 237, in get_info
    zd["code"]=200;zd["message"]="";zd["data"]=transform_format(get_relationship()["data"])
                                                                ~~~~~~~~~~~~~~~~^^
  File "C:\Users\Administrator\Desktop\工作\信息采集没问题了\basic\project1\views.py", line 208, in get_relationship
    zd["data"][data_center_zd[i[0]]][room_zd[i[1]]][rack_zd[i[2]]][server_zd[i[3]][0]]={"type":"network","asset_status":dict_detail.get(network_zd[i[3]][1],None)}
                                                                                                                                        ~~~~~~~~~~^^^^^^
KeyError: '5ecd25a505f7f90868dd83ed'
2025-11-18 18:54:12,607 - ERROR - Internal Server Error: /api/get_info
Traceback (most recent call last):
  File "C:\Users\Administrator\Desktop\工作\信息采集没问题了\venv\Lib\site-packages\django\core\handlers\exception.py", line 55, in inner
    response = get_response(request)
  File "C:\Users\Administrator\Desktop\工作\信息采集没问题了\venv\Lib\site-packages\django\core\handlers\base.py", line 197, in _get_response
    response = wrapped_callback(request, *callback_args, **callback_kwargs)
  File "C:\Users\Administrator\Desktop\工作\信息采集没问题了\venv\Lib\site-packages\django\views\decorators\csrf.py", line 65, in _view_wrapper
    return view_func(request, *args, **kwargs)
  File "C:\Users\Administrator\Desktop\工作\信息采集没问题了\venv\Lib\site-packages\django\views\generic\base.py", line 105, in view
    return self.dispatch(request, *args, **kwargs)
           ~~~~~~~~~~~~~^^^^^^^^^^^^^^^^^^^^^^^^^^
  File "C:\Users\Administrator\Desktop\工作\信息采集没问题了\venv\Lib\site-packages\rest_framework\views.py", line 515, in dispatch
    response = self.handle_exception(exc)
  File "C:\Users\Administrator\Desktop\工作\信息采集没问题了\venv\Lib\site-packages\rest_framework\views.py", line 475, in handle_exception
    self.raise_uncaught_exception(exc)
    ~~~~~~~~~~~~~~~~~~~~~~~~~~~~~^^^^^
  File "C:\Users\Administrator\Desktop\工作\信息采集没问题了\venv\Lib\site-packages\rest_framework\views.py", line 486, in raise_uncaught_exception
    raise exc
  File "C:\Users\Administrator\Desktop\工作\信息采集没问题了\venv\Lib\site-packages\rest_framework\views.py", line 512, in dispatch
    response = handler(request, *args, **kwargs)
  File "C:\Users\Administrator\Desktop\工作\信息采集没问题了\venv\Lib\site-packages\rest_framework\decorators.py", line 50, in handler
    return func(*args, **kwargs)
  File "C:\Users\Administrator\Desktop\工作\信息采集没问题了\basic\project1\views.py", line 237, in get_info
    zd["code"]=200;zd["message"]="";zd["data"]=transform_format(get_relationship()["data"])
                                                                ~~~~~~~~~~~~~~~~^^
  File "C:\Users\Administrator\Desktop\工作\信息采集没问题了\basic\project1\views.py", line 208, in get_relationship
    zd["data"][data_center_zd[i[0]]][room_zd[i[1]]][rack_zd[i[2]]][server_zd[i[3]][0]]={"type":"network","asset_status":dict_detail.get(network_zd[i[3]][1],None)}
                                                                                                                                        ~~~~~~~~~~^^^^^^
KeyError: '5ecd25a505f7f90868dd83ed'
2025-11-18 18:54:43,096 - ERROR - Internal Server Error: /api/get_info
Traceback (most recent call last):
  File "C:\Users\Administrator\Desktop\工作\信息采集没问题了\venv\Lib\site-packages\django\core\handlers\exception.py", line 55, in inner
    response = get_response(request)
  File "C:\Users\Administrator\Desktop\工作\信息采集没问题了\venv\Lib\site-packages\django\core\handlers\base.py", line 197, in _get_response
    response = wrapped_callback(request, *callback_args, **callback_kwargs)
  File "C:\Users\Administrator\Desktop\工作\信息采集没问题了\venv\Lib\site-packages\django\views\decorators\csrf.py", line 65, in _view_wrapper
    return view_func(request, *args, **kwargs)
  File "C:\Users\Administrator\Desktop\工作\信息采集没问题了\venv\Lib\site-packages\django\views\generic\base.py", line 105, in view
    return self.dispatch(request, *args, **kwargs)
           ~~~~~~~~~~~~~^^^^^^^^^^^^^^^^^^^^^^^^^^
  File "C:\Users\Administrator\Desktop\工作\信息采集没问题了\venv\Lib\site-packages\rest_framework\views.py", line 515, in dispatch
    response = self.handle_exception(exc)
  File "C:\Users\Administrator\Desktop\工作\信息采集没问题了\venv\Lib\site-packages\rest_framework\views.py", line 475, in handle_exception
    self.raise_uncaught_exception(exc)
    ~~~~~~~~~~~~~~~~~~~~~~~~~~~~~^^^^^
  File "C:\Users\Administrator\Desktop\工作\信息采集没问题了\venv\Lib\site-packages\rest_framework\views.py", line 486, in raise_uncaught_exception
    raise exc
  File "C:\Users\Administrator\Desktop\工作\信息采集没问题了\venv\Lib\site-packages\rest_framework\views.py", line 512, in dispatch
    response = handler(request, *args, **kwargs)
  File "C:\Users\Administrator\Desktop\工作\信息采集没问题了\venv\Lib\site-packages\rest_framework\decorators.py", line 50, in handler
    return func(*args, **kwargs)
  File "C:\Users\Administrator\Desktop\工作\信息采集没问题了\basic\project1\views.py", line 237, in get_info
    zd["code"]=200;zd["message"]="";zd["data"]=transform_format(get_relationship()["data"])
                                                                ~~~~~~~~~~~~~~~~^^
  File "C:\Users\Administrator\Desktop\工作\信息采集没问题了\basic\project1\views.py", line 208, in get_relationship
    zd["data"][data_center_zd[i[0]]][room_zd[i[1]]][rack_zd[i[2]]][server_zd[i[3]][0]]={"type":"network","asset_status":dict_detail.get(network_zd[i[3]][1],None)}
                                                                                                                                        ~~~~~~~~~~^^^^^^
KeyError: '5ecd25a505f7f90868dd83ed'
2025-11-18 19:01:16,833 - ERROR - Internal Server Error: /api/get_info
Traceback (most recent call last):
  File "C:\Users\Administrator\Desktop\工作\信息采集没问题了\venv\Lib\site-packages\django\core\handlers\exception.py", line 55, in inner
    response = get_response(request)
  File "C:\Users\Administrator\Desktop\工作\信息采集没问题了\venv\Lib\site-packages\django\core\handlers\base.py", line 197, in _get_response
    response = wrapped_callback(request, *callback_args, **callback_kwargs)
  File "C:\Users\Administrator\Desktop\工作\信息采集没问题了\venv\Lib\site-packages\django\views\decorators\csrf.py", line 65, in _view_wrapper
    return view_func(request, *args, **kwargs)
  File "C:\Users\Administrator\Desktop\工作\信息采集没问题了\venv\Lib\site-packages\django\views\generic\base.py", line 105, in view
    return self.dispatch(request, *args, **kwargs)
           ~~~~~~~~~~~~~^^^^^^^^^^^^^^^^^^^^^^^^^^
  File "C:\Users\Administrator\Desktop\工作\信息采集没问题了\venv\Lib\site-packages\rest_framework\views.py", line 515, in dispatch
    response = self.handle_exception(exc)
  File "C:\Users\Administrator\Desktop\工作\信息采集没问题了\venv\Lib\site-packages\rest_framework\views.py", line 475, in handle_exception
    self.raise_uncaught_exception(exc)
    ~~~~~~~~~~~~~~~~~~~~~~~~~~~~~^^^^^
  File "C:\Users\Administrator\Desktop\工作\信息采集没问题了\venv\Lib\site-packages\rest_framework\views.py", line 486, in raise_uncaught_exception
    raise exc
  File "C:\Users\Administrator\Desktop\工作\信息采集没问题了\venv\Lib\site-packages\rest_framework\views.py", line 512, in dispatch
    response = handler(request, *args, **kwargs)
  File "C:\Users\Administrator\Desktop\工作\信息采集没问题了\venv\Lib\site-packages\rest_framework\decorators.py", line 50, in handler
    return func(*args, **kwargs)
  File "C:\Users\Administrator\Desktop\工作\信息采集没问题了\basic\project1\views.py", line 236, in get_info
    zd["code"]=200;zd["message"]="";zd["data"]=transform_format(get_relationship()["data"])
                                                                ~~~~~~~~~~~~~~~~^^
  File "C:\Users\Administrator\Desktop\工作\信息采集没问题了\basic\project1\views.py", line 207, in get_relationship
    zd["data"][data_center_zd[i[0]]][room_zd[i[1]]][rack_zd[i[2]]][server_zd[i[3]][0]]={"type":"network","asset_status":dict_detail.get(network_zd[i[3]][1],None)}
                                                                                                                                        ~~~~~~~~~~^^^^^^
KeyError: '5ecd25a505f7f90868dd83ed'
2025-11-18 19:02:26,840 - ERROR - Internal Server Error: /api/get_info
Traceback (most recent call last):
  File "C:\Users\Administrator\Desktop\工作\信息采集没问题了\venv\Lib\site-packages\django\core\handlers\exception.py", line 55, in inner
    response = get_response(request)
  File "C:\Users\Administrator\Desktop\工作\信息采集没问题了\venv\Lib\site-packages\django\core\handlers\base.py", line 197, in _get_response
    response = wrapped_callback(request, *callback_args, **callback_kwargs)
  File "C:\Users\Administrator\Desktop\工作\信息采集没问题了\venv\Lib\site-packages\django\views\decorators\csrf.py", line 65, in _view_wrapper
    return view_func(request, *args, **kwargs)
  File "C:\Users\Administrator\Desktop\工作\信息采集没问题了\venv\Lib\site-packages\django\views\generic\base.py", line 105, in view
    return self.dispatch(request, *args, **kwargs)
           ~~~~~~~~~~~~~^^^^^^^^^^^^^^^^^^^^^^^^^^
  File "C:\Users\Administrator\Desktop\工作\信息采集没问题了\venv\Lib\site-packages\rest_framework\views.py", line 515, in dispatch
    response = self.handle_exception(exc)
  File "C:\Users\Administrator\Desktop\工作\信息采集没问题了\venv\Lib\site-packages\rest_framework\views.py", line 475, in handle_exception
    self.raise_uncaught_exception(exc)
    ~~~~~~~~~~~~~~~~~~~~~~~~~~~~~^^^^^
  File "C:\Users\Administrator\Desktop\工作\信息采集没问题了\venv\Lib\site-packages\rest_framework\views.py", line 486, in raise_uncaught_exception
    raise exc
  File "C:\Users\Administrator\Desktop\工作\信息采集没问题了\venv\Lib\site-packages\rest_framework\views.py", line 512, in dispatch
    response = handler(request, *args, **kwargs)
  File "C:\Users\Administrator\Desktop\工作\信息采集没问题了\venv\Lib\site-packages\rest_framework\decorators.py", line 50, in handler
    return func(*args, **kwargs)
  File "C:\Users\Administrator\Desktop\工作\信息采集没问题了\basic\project1\views.py", line 236, in get_info
    zd["code"]=200;zd["message"]="";zd["data"]=transform_format(get_relationship()["data"])
                                                                ~~~~~~~~~~~~~~~~^^
  File "C:\Users\Administrator\Desktop\工作\信息采集没问题了\basic\project1\views.py", line 207, in get_relationship
    zd["data"][data_center_zd[i[0]]][room_zd[i[1]]][rack_zd[i[2]]][server_zd[i[3]][0]]={"type":"network","asset_status":dict_detail.get(network_zd[i[3]][1],None)}
                                                                                                                                        ~~~~~~~~~~^^^^^^
KeyError: '5ecd25a505f7f90868dd83ed'
2025-11-18 19:09:25,329 - INFO - C:\Users\Administrator\Desktop\工作\信息采集没问题了\basic\project1\views.py changed, reloading.
2025-11-18 19:11:42,390 - INFO - C:\Users\Administrator\Desktop\工作\信息采集没问题了\basic\project1\views.py changed, reloading.
2025-11-18 19:14:46,554 - INFO - C:\Users\Administrator\Desktop\工作\信息采集没问题了\basic\project1\views.py changed, reloading.
2025-11-18 19:16:35,044 - INFO - C:\Users\Administrator\Desktop\工作\信息采集没问题了\basic\project1\views.py changed, reloading.
2025-11-18 19:18:30,426 - ERROR - Internal Server Error: /api/get_info
Traceback (most recent call last):
  File "C:\Users\Administrator\Desktop\工作\信息采集没问题了\venv\Lib\site-packages\django\core\handlers\exception.py", line 55, in inner
    response = get_response(request)
  File "C:\Users\Administrator\Desktop\工作\信息采集没问题了\venv\Lib\site-packages\django\core\handlers\base.py", line 197, in _get_response
    response = wrapped_callback(request, *callback_args, **callback_kwargs)
  File "C:\Users\Administrator\Desktop\工作\信息采集没问题了\venv\Lib\site-packages\django\views\decorators\csrf.py", line 65, in _view_wrapper
    return view_func(request, *args, **kwargs)
  File "C:\Users\Administrator\Desktop\工作\信息采集没问题了\venv\Lib\site-packages\django\views\generic\base.py", line 105, in view
    return self.dispatch(request, *args, **kwargs)
           ~~~~~~~~~~~~~^^^^^^^^^^^^^^^^^^^^^^^^^^
  File "C:\Users\Administrator\Desktop\工作\信息采集没问题了\venv\Lib\site-packages\rest_framework\views.py", line 515, in dispatch
    response = self.handle_exception(exc)
  File "C:\Users\Administrator\Desktop\工作\信息采集没问题了\venv\Lib\site-packages\rest_framework\views.py", line 475, in handle_exception
    self.raise_uncaught_exception(exc)
    ~~~~~~~~~~~~~~~~~~~~~~~~~~~~~^^^^^
  File "C:\Users\Administrator\Desktop\工作\信息采集没问题了\venv\Lib\site-packages\rest_framework\views.py", line 486, in raise_uncaught_exception
    raise exc
  File "C:\Users\Administrator\Desktop\工作\信息采集没问题了\venv\Lib\site-packages\rest_framework\views.py", line 512, in dispatch
    response = handler(request, *args, **kwargs)
  File "C:\Users\Administrator\Desktop\工作\信息采集没问题了\venv\Lib\site-packages\rest_framework\decorators.py", line 50, in handler
    return func(*args, **kwargs)
  File "C:\Users\Administrator\Desktop\工作\信息采集没问题了\basic\project1\views.py", line 236, in get_info
    zd["code"]=200;zd["message"]="";zd["data"]=transform_format(get_relationship()["data"],0)
                                               ~~~~~~~~~~~~~~~~^^^^^^^^^^^^^^^^^^^^^^^^^^^^^^
  File "C:\Users\Administrator\Desktop\工作\信息采集没问题了\basic\project1\views.py", line 228, in transform_format
    lt.append({"name":i,"children":transform_format(zd[i])})
                                   ~~~~~~~~~~~~~~~~^^^^^^^
TypeError: transform_format() missing 1 required positional argument: 'iter_'
2025-11-18 19:18:40,802 - INFO - C:\Users\Administrator\Desktop\工作\信息采集没问题了\basic\project1\views.py changed, reloading.
2025-11-18 19:32:50,432 - ERROR - Internal Server Error: /api/get_info
Traceback (most recent call last):
  File "C:\Users\Administrator\Desktop\工作\信息采集没问题了\venv\Lib\site-packages\django\core\handlers\exception.py", line 55, in inner
    response = get_response(request)
  File "C:\Users\Administrator\Desktop\工作\信息采集没问题了\venv\Lib\site-packages\django\core\handlers\base.py", line 197, in _get_response
    response = wrapped_callback(request, *callback_args, **callback_kwargs)
  File "C:\Users\Administrator\Desktop\工作\信息采集没问题了\venv\Lib\site-packages\django\views\decorators\csrf.py", line 65, in _view_wrapper
    return view_func(request, *args, **kwargs)
  File "C:\Users\Administrator\Desktop\工作\信息采集没问题了\venv\Lib\site-packages\django\views\generic\base.py", line 105, in view
    return self.dispatch(request, *args, **kwargs)
           ~~~~~~~~~~~~~^^^^^^^^^^^^^^^^^^^^^^^^^^
  File "C:\Users\Administrator\Desktop\工作\信息采集没问题了\venv\Lib\site-packages\rest_framework\views.py", line 515, in dispatch
    response = self.handle_exception(exc)
  File "C:\Users\Administrator\Desktop\工作\信息采集没问题了\venv\Lib\site-packages\rest_framework\views.py", line 475, in handle_exception
    self.raise_uncaught_exception(exc)
    ~~~~~~~~~~~~~~~~~~~~~~~~~~~~~^^^^^
  File "C:\Users\Administrator\Desktop\工作\信息采集没问题了\venv\Lib\site-packages\rest_framework\views.py", line 486, in raise_uncaught_exception
    raise exc
  File "C:\Users\Administrator\Desktop\工作\信息采集没问题了\venv\Lib\site-packages\rest_framework\views.py", line 512, in dispatch
    response = handler(request, *args, **kwargs)
  File "C:\Users\Administrator\Desktop\工作\信息采集没问题了\venv\Lib\site-packages\rest_framework\decorators.py", line 50, in handler
    return func(*args, **kwargs)
  File "C:\Users\Administrator\Desktop\工作\信息采集没问题了\basic\project1\views.py", line 237, in get_info
    zd["code"]=200;zd["message"]="";zd["data"]=transform_format(get_relationship()["data"],0)
                                                                ~~~~~~~~~~~~~~~~^^
  File "C:\Users\Administrator\Desktop\工作\信息采集没问题了\basic\project1\views.py", line 134, in get_relationship
    rack_zd=dict(zip(rack["_id"].values.tolist(),[i[0]+"|"+i[1] for i in rack[["rack_name","code"]].values.tolist()]))
                                                                         ~~~~^^^^^^^^^^^^^^^^^^^^^^
  File "C:\Users\Administrator\Desktop\工作\信息采集没问题了\venv\Lib\site-packages\pandas\core\frame.py", line 4119, in __getitem__
    indexer = self.columns._get_indexer_strict(key, "columns")[1]
              ~~~~~~~~~~~~~~~~~~~~~~~~~~~~~~~~^^^^^^^^^^^^^^^^
  File "C:\Users\Administrator\Desktop\工作\信息采集没问题了\venv\Lib\site-packages\pandas\core\indexes\base.py", line 6212, in _get_indexer_strict
    self._raise_if_missing(keyarr, indexer, axis_name)
    ~~~~~~~~~~~~~~~~~~~~~~^^^^^^^^^^^^^^^^^^^^^^^^^^^^
  File "C:\Users\Administrator\Desktop\工作\信息采集没问题了\venv\Lib\site-packages\pandas\core\indexes\base.py", line 6264, in _raise_if_missing
    raise KeyError(f"{not_found} not in index")
KeyError: "['code'] not in index"
2025-11-18 19:35:10,703 - INFO - C:\Users\Administrator\Desktop\工作\信息采集没问题了\basic\project1\views.py changed, reloading.
2025-11-18 19:35:32,574 - ERROR - Internal Server Error: /api/get_info
Traceback (most recent call last):
  File "C:\Users\Administrator\Desktop\工作\信息采集没问题了\venv\Lib\site-packages\pandas\core\indexes\base.py", line 3812, in get_loc
    return self._engine.get_loc(casted_key)
           ~~~~~~~~~~~~~~~~~~~~^^^^^^^^^^^^
  File "pandas/_libs/index.pyx", line 167, in pandas._libs.index.IndexEngine.get_loc
  File "pandas/_libs/index.pyx", line 196, in pandas._libs.index.IndexEngine.get_loc
  File "pandas/_libs/hashtable_class_helper.pxi", line 7088, in pandas._libs.hashtable.PyObjectHashTable.get_item
  File "pandas/_libs/hashtable_class_helper.pxi", line 7096, in pandas._libs.hashtable.PyObjectHashTable.get_item
KeyError: 'code'

The above exception was the direct cause of the following exception:

Traceback (most recent call last):
  File "C:\Users\Administrator\Desktop\工作\信息采集没问题了\venv\Lib\site-packages\django\core\handlers\exception.py", line 55, in inner
    response = get_response(request)
  File "C:\Users\Administrator\Desktop\工作\信息采集没问题了\venv\Lib\site-packages\django\core\handlers\base.py", line 197, in _get_response
    response = wrapped_callback(request, *callback_args, **callback_kwargs)
  File "C:\Users\Administrator\Desktop\工作\信息采集没问题了\venv\Lib\site-packages\django\views\decorators\csrf.py", line 65, in _view_wrapper
    return view_func(request, *args, **kwargs)
  File "C:\Users\Administrator\Desktop\工作\信息采集没问题了\venv\Lib\site-packages\django\views\generic\base.py", line 105, in view
    return self.dispatch(request, *args, **kwargs)
           ~~~~~~~~~~~~~^^^^^^^^^^^^^^^^^^^^^^^^^^
  File "C:\Users\Administrator\Desktop\工作\信息采集没问题了\venv\Lib\site-packages\rest_framework\views.py", line 515, in dispatch
    response = self.handle_exception(exc)
  File "C:\Users\Administrator\Desktop\工作\信息采集没问题了\venv\Lib\site-packages\rest_framework\views.py", line 475, in handle_exception
    self.raise_uncaught_exception(exc)
    ~~~~~~~~~~~~~~~~~~~~~~~~~~~~~^^^^^
  File "C:\Users\Administrator\Desktop\工作\信息采集没问题了\venv\Lib\site-packages\rest_framework\views.py", line 486, in raise_uncaught_exception
    raise exc
  File "C:\Users\Administrator\Desktop\工作\信息采集没问题了\venv\Lib\site-packages\rest_framework\views.py", line 512, in dispatch
    response = handler(request, *args, **kwargs)
  File "C:\Users\Administrator\Desktop\工作\信息采集没问题了\venv\Lib\site-packages\rest_framework\decorators.py", line 50, in handler
    return func(*args, **kwargs)
  File "C:\Users\Administrator\Desktop\工作\信息采集没问题了\basic\project1\views.py", line 237, in get_info
    zd["code"]=200;zd["message"]="";zd["data"]=transform_format(get_relationship()["data"],0)
                                                                ~~~~~~~~~~~~~~~~^^
  File "C:\Users\Administrator\Desktop\工作\信息采集没问题了\basic\project1\views.py", line 134, in get_relationship
    rack_zd=dict(zip(rack["_id"].values.tolist(),rack["code"].values.tolist()))
                                                 ~~~~^^^^^^^^
  File "C:\Users\Administrator\Desktop\工作\信息采集没问题了\venv\Lib\site-packages\pandas\core\frame.py", line 4113, in __getitem__
    indexer = self.columns.get_loc(key)
  File "C:\Users\Administrator\Desktop\工作\信息采集没问题了\venv\Lib\site-packages\pandas\core\indexes\base.py", line 3819, in get_loc
    raise KeyError(key) from err
KeyError: 'code'
2025-11-18 19:35:47,423 - INFO - C:\Users\Administrator\Desktop\工作\信息采集没问题了\basic\project1\views.py changed, reloading.
2025-11-18 19:37:34,623 - INFO - C:\Users\Administrator\Desktop\工作\信息采集没问题了\basic\project1\views.py changed, reloading.
2025-11-18 19:58:20,587 - WARNING - Not Found: /api/get_info_detail
2025-11-18 19:58:42,189 - INFO - C:\Users\Administrator\Desktop\工作\信息采集没问题了\basic\project1\urls.py changed, reloading.
2025-11-18 19:58:46,741 - WARNING - Method Not Allowed: /api/get_info_detail
2025-11-18 19:59:07,361 - WARNING - Method Not Allowed: /api/get_info_detail
2025-11-18 19:59:28,200 - WARNING - Method Not Allowed: /api/get_info_detail
2025-11-18 20:00:10,736 - ERROR - Internal Server Error: /api/get_info_detail
Traceback (most recent call last):
  File "C:\Users\Administrator\Desktop\工作\信息采集没问题了\venv\Lib\site-packages\django\core\handlers\exception.py", line 55, in inner
    response = get_response(request)
  File "C:\Users\Administrator\Desktop\工作\信息采集没问题了\venv\Lib\site-packages\django\core\handlers\base.py", line 197, in _get_response
    response = wrapped_callback(request, *callback_args, **callback_kwargs)
  File "C:\Users\Administrator\Desktop\工作\信息采集没问题了\venv\Lib\site-packages\django\views\decorators\csrf.py", line 65, in _view_wrapper
    return view_func(request, *args, **kwargs)
  File "C:\Users\Administrator\Desktop\工作\信息采集没问题了\venv\Lib\site-packages\django\views\generic\base.py", line 105, in view
    return self.dispatch(request, *args, **kwargs)
           ~~~~~~~~~~~~~^^^^^^^^^^^^^^^^^^^^^^^^^^
  File "C:\Users\Administrator\Desktop\工作\信息采集没问题了\venv\Lib\site-packages\rest_framework\views.py", line 517, in dispatch
    self.response = self.finalize_response(request, response, *args, **kwargs)
                    ~~~~~~~~~~~~~~~~~~~~~~^^^^^^^^^^^^^^^^^^^^^^^^^^^^^^^^^^^^
  File "C:\Users\Administrator\Desktop\工作\信息采集没问题了\venv\Lib\site-packages\rest_framework\views.py", line 429, in finalize_response
    assert isinstance(response, HttpResponseBase), (
           ~~~~~~~~~~^^^^^^^^^^^^^^^^^^^^^^^^^^^^
AssertionError: Expected a `Response`, `HttpResponse` or `StreamingHttpResponse` to be returned from the view, but received a `<class 'dict'>`
2025-11-18 20:00:29,652 - INFO - C:\Users\Administrator\Desktop\工作\信息采集没问题了\basic\project1\views.py changed, reloading.
2025-11-18 20:06:29,829 - INFO - C:\Users\Administrator\Desktop\工作\信息采集没问题了\basic\project1\views.py changed, reloading.
2025-11-18 20:08:44,919 - INFO - C:\Users\Administrator\Desktop\工作\信息采集没问题了\basic\project1\views.py changed, reloading.
2025-11-18 20:08:50,348 - INFO - C:\Users\Administrator\Desktop\工作\信息采集没问题了\basic\project1\views.py changed, reloading.
2025-11-18 20:09:31,969 - INFO - C:\Users\Administrator\Desktop\工作\信息采集没问题了\basic\project1\views.py changed, reloading.
2025-11-19 10:09:39,969 - INFO - C:\Users\Administrator\Desktop\工作\信息采集没问题了\basic\project1\views.py changed, reloading.
2025-11-19 10:09:47,805 - ERROR - Internal Server Error: /api/get_info_detail
Traceback (most recent call last):
  File "C:\Users\Administrator\Desktop\工作\信息采集没问题了\venv\Lib\site-packages\django\core\handlers\exception.py", line 55, in inner
    response = get_response(request)
  File "C:\Users\Administrator\Desktop\工作\信息采集没问题了\venv\Lib\site-packages\django\core\handlers\base.py", line 197, in _get_response
    response = wrapped_callback(request, *callback_args, **callback_kwargs)
  File "C:\Users\Administrator\Desktop\工作\信息采集没问题了\venv\Lib\site-packages\django\views\decorators\csrf.py", line 65, in _view_wrapper
    return view_func(request, *args, **kwargs)
  File "C:\Users\Administrator\Desktop\工作\信息采集没问题了\venv\Lib\site-packages\django\views\generic\base.py", line 105, in view
    return self.dispatch(request, *args, **kwargs)
           ~~~~~~~~~~~~~^^^^^^^^^^^^^^^^^^^^^^^^^^
  File "C:\Users\Administrator\Desktop\工作\信息采集没问题了\venv\Lib\site-packages\rest_framework\views.py", line 515, in dispatch
    response = self.handle_exception(exc)
  File "C:\Users\Administrator\Desktop\工作\信息采集没问题了\venv\Lib\site-packages\rest_framework\views.py", line 475, in handle_exception
    self.raise_uncaught_exception(exc)
    ~~~~~~~~~~~~~~~~~~~~~~~~~~~~~^^^^^
  File "C:\Users\Administrator\Desktop\工作\信息采集没问题了\venv\Lib\site-packages\rest_framework\views.py", line 486, in raise_uncaught_exception
    raise exc
  File "C:\Users\Administrator\Desktop\工作\信息采集没问题了\venv\Lib\site-packages\rest_framework\views.py", line 512, in dispatch
    response = handler(request, *args, **kwargs)
  File "C:\Users\Administrator\Desktop\工作\信息采集没问题了\venv\Lib\site-packages\rest_framework\decorators.py", line 50, in handler
    return func(*args, **kwargs)
  File "C:\Users\Administrator\Desktop\工作\信息采集没问题了\basic\project1\views.py", line 260, in get_info_detail
    data=info[json_["data_center"]]
              ~~~~~^^^^^^^^^^^^^^^
KeyError: 'data_center'
2025-11-19 10:09:50,654 - WARNING - Method Not Allowed: /api/get_info
2025-11-19 10:11:46,255 - ERROR - Internal Server Error: /api/get_info_detail
Traceback (most recent call last):
  File "C:\Users\Administrator\Desktop\工作\信息采集没问题了\venv\Lib\site-packages\django\core\handlers\exception.py", line 55, in inner
    response = get_response(request)
  File "C:\Users\Administrator\Desktop\工作\信息采集没问题了\venv\Lib\site-packages\django\core\handlers\base.py", line 197, in _get_response
    response = wrapped_callback(request, *callback_args, **callback_kwargs)
  File "C:\Users\Administrator\Desktop\工作\信息采集没问题了\venv\Lib\site-packages\django\views\decorators\csrf.py", line 65, in _view_wrapper
    return view_func(request, *args, **kwargs)
  File "C:\Users\Administrator\Desktop\工作\信息采集没问题了\venv\Lib\site-packages\django\views\generic\base.py", line 105, in view
    return self.dispatch(request, *args, **kwargs)
           ~~~~~~~~~~~~~^^^^^^^^^^^^^^^^^^^^^^^^^^
  File "C:\Users\Administrator\Desktop\工作\信息采集没问题了\venv\Lib\site-packages\rest_framework\views.py", line 515, in dispatch
    response = self.handle_exception(exc)
  File "C:\Users\Administrator\Desktop\工作\信息采集没问题了\venv\Lib\site-packages\rest_framework\views.py", line 475, in handle_exception
    self.raise_uncaught_exception(exc)
    ~~~~~~~~~~~~~~~~~~~~~~~~~~~~~^^^^^
  File "C:\Users\Administrator\Desktop\工作\信息采集没问题了\venv\Lib\site-packages\rest_framework\views.py", line 486, in raise_uncaught_exception
    raise exc
  File "C:\Users\Administrator\Desktop\工作\信息采集没问题了\venv\Lib\site-packages\rest_framework\views.py", line 512, in dispatch
    response = handler(request, *args, **kwargs)
  File "C:\Users\Administrator\Desktop\工作\信息采集没问题了\venv\Lib\site-packages\rest_framework\decorators.py", line 50, in handler
    return func(*args, **kwargs)
  File "C:\Users\Administrator\Desktop\工作\信息采集没问题了\basic\project1\views.py", line 260, in get_info_detail
    data=info[json_["data_center"]]
              ~~~~~^^^^^^^^^^^^^^^
KeyError: 'data_center'
2025-11-19 10:22:25,909 - ERROR - Internal Server Error: /api/get_info_detail
Traceback (most recent call last):
  File "C:\Users\Administrator\Desktop\工作\信息采集没问题了\venv\Lib\site-packages\django\core\handlers\exception.py", line 55, in inner
    response = get_response(request)
  File "C:\Users\Administrator\Desktop\工作\信息采集没问题了\venv\Lib\site-packages\django\core\handlers\base.py", line 197, in _get_response
    response = wrapped_callback(request, *callback_args, **callback_kwargs)
  File "C:\Users\Administrator\Desktop\工作\信息采集没问题了\venv\Lib\site-packages\django\views\decorators\csrf.py", line 65, in _view_wrapper
    return view_func(request, *args, **kwargs)
  File "C:\Users\Administrator\Desktop\工作\信息采集没问题了\venv\Lib\site-packages\django\views\generic\base.py", line 105, in view
    return self.dispatch(request, *args, **kwargs)
           ~~~~~~~~~~~~~^^^^^^^^^^^^^^^^^^^^^^^^^^
  File "C:\Users\Administrator\Desktop\工作\信息采集没问题了\venv\Lib\site-packages\rest_framework\views.py", line 515, in dispatch
    response = self.handle_exception(exc)
  File "C:\Users\Administrator\Desktop\工作\信息采集没问题了\venv\Lib\site-packages\rest_framework\views.py", line 475, in handle_exception
    self.raise_uncaught_exception(exc)
    ~~~~~~~~~~~~~~~~~~~~~~~~~~~~~^^^^^
  File "C:\Users\Administrator\Desktop\工作\信息采集没问题了\venv\Lib\site-packages\rest_framework\views.py", line 486, in raise_uncaught_exception
    raise exc
  File "C:\Users\Administrator\Desktop\工作\信息采集没问题了\venv\Lib\site-packages\rest_framework\views.py", line 512, in dispatch
    response = handler(request, *args, **kwargs)
  File "C:\Users\Administrator\Desktop\工作\信息采集没问题了\venv\Lib\site-packages\rest_framework\decorators.py", line 50, in handler
    return func(*args, **kwargs)
  File "C:\Users\Administrator\Desktop\工作\信息采集没问题了\basic\project1\views.py", line 271, in get_info_detail
    data=info[json_["data_center"]]
              ~~~~~^^^^^^^^^^^^^^^
KeyError: 'data_center'
2025-11-19 10:23:45,636 - INFO - C:\Users\Administrator\Desktop\工作\信息采集没问题了\basic\project1\views.py changed, reloading.
2025-11-19 10:26:13,909 - INFO - C:\Users\Administrator\Desktop\工作\信息采集没问题了\basic\project1\views.py changed, reloading.
2025-11-19 10:27:47,383 - INFO - C:\Users\Administrator\Desktop\工作\信息采集没问题了\basic\project1\views.py changed, reloading.
2025-11-19 10:30:47,522 - INFO - C:\Users\Administrator\Desktop\工作\信息采集没问题了\basic\project1\views.py changed, reloading.
2025-11-19 10:32:53,449 - INFO - C:\Users\Administrator\Desktop\工作\信息采集没问题了\basic\project1\views.py changed, reloading.
2025-11-19 10:38:20,808 - INFO - C:\Users\Administrator\Desktop\工作\信息采集没问题了\basic\project1\views.py changed, reloading.
2025-11-19 10:40:09,786 - INFO - C:\Users\Administrator\Desktop\工作\信息采集没问题了\basic\project1\views.py changed, reloading.
2025-11-19 10:46:20,379 - INFO - C:\Users\Administrator\Desktop\工作\信息采集没问题了\basic\project1\views.py changed, reloading.
2025-11-19 10:48:55,373 - INFO - C:\Users\Administrator\Desktop\工作\信息采集没问题了\basic\project1\views.py changed, reloading.
2025-11-19 10:50:22,054 - INFO - C:\Users\Administrator\Desktop\工作\信息采集没问题了\basic\project1\views.py changed, reloading.
2025-11-19 10:53:29,484 - INFO - C:\Users\Administrator\Desktop\工作\信息采集没问题了\basic\project1\views.py changed, reloading.
2025-11-19 10:56:45,328 - INFO - C:\Users\Administrator\Desktop\工作\信息采集没问题了\basic\project1\views.py changed, reloading.
2025-11-19 10:57:18,618 - INFO - C:\Users\Administrator\Desktop\工作\信息采集没问题了\basic\project1\views.py changed, reloading.
